<?xml version="1.0" encoding="UTF-8"?>
<testsuite xmlns:xsi="http://www.w3.org/2001/XMLSchema-instance" xsi:noNamespaceSchemaLocation="https://maven.apache.org/surefire/maven-surefire-plugin/xsd/surefire-test-report-3.0.xsd" version="3.0" name="info.seleniumcucumber.RunnerTest" time="5.727" tests="1" errors="0" skipped="0" failures="0">
  <properties>
[...]
</properties>
  <testcase name="Login successfully scenario" classname="Login saucedemo website" time="5.278">
    <system-out><![CDATA[
Scenario Outline: Login successfully scenario &amp#27;[90m# src/test/resources/features/saucedemo-login.feature:13&amp#27;[0m
  &amp#27;[32mAnd &amp#27;[0m&amp#27;[32mI want to go to saucedemo website&amp#27;[0m       &amp#27;[90m# info.seleniumcucumber.steps.NavigationSteps.i_want_to_go_to_automationpractice_website()&amp#27;[0m
  &amp#27;[32mWhen &amp#27;[0m&amp#27;[32mI login saucedemo with &amp#27;[0m&amp#27;[32m&amp#27;[1m"standard"&amp#27;[0m      &amp#27;[90m# info.seleniumcucumber.steps.SaucedemoLoginSteps.i_login_saucedemo_with(java.lang.String)&amp#27;[0m
]]></system-out>
    <system-err><![CDATA[SLF4J: Failed to load class "org.slf4j.impl.StaticLoggerBinder".
SLF4J: Defaulting to no-operation (NOP) logger implementation
SLF4J: See http://www.slf4j.org/codes.html#StaticLoggerBinder for further details.
Starting ChromeDriver 94.0.4606.41 (333e85df3c9b656b518b5f1add5ff246365b6c24-refs/branch-heads/4606@{#845}) on port 59343
Only local connections are allowed.
Please see https://chromedriver.chromium.org/security-considerations for suggestions on keeping ChromeDriver safe.
ChromeDriver was started successfully.
[1636430232.796][WARNING]: This version of ChromeDriver has not been tested with Chrome version 95.
Nov 09, 2021 10:57:12 AM org.openqa.selenium.remote.ProtocolHandshake createSession
INFO: Detected dialect: W3C
Nov 09, 2021 10:57:13 AM org.openqa.selenium.devtools.CdpVersionFinder findNearestMatch
INFO: Found exact CDP implementation for version 95
]]></system-err>
  </testcase>
</testsuite>